d:\clearn\geekband\stlhj\stlhj\debug\stlhj.pch
d:\clearn\geekband\stlhj\stlhj\debug\vc140.pdb
d:\clearn\geekband\stlhj\stlhj\debug\vc140.idb
d:\clearn\geekband\stlhj\stlhj\debug\stdafx.obj
d:\clearn\geekband\stlhj\stlhj\debug\stlhj.obj
d:\clearn\geekband\stlhj\stlhj\debug\testpimpl1.obj
d:\clearn\geekband\stlhj\debug\stlhj.pdb
d:\clearn\geekband\stlhj\stlhj\debug\stlhj.tlog\cl.command.1.tlog
d:\clearn\geekband\stlhj\stlhj\debug\stlhj.tlog\cl.read.1.tlog
d:\clearn\geekband\stlhj\stlhj\debug\stlhj.tlog\cl.write.1.tlog
d:\clearn\geekband\stlhj\stlhj\debug\stlhj.tlog\link-cvtres.read.1.tlog
d:\clearn\geekband\stlhj\stlhj\debug\stlhj.tlog\link-cvtres.write.1.tlog
d:\clearn\geekband\stlhj\stlhj\debug\stlhj.tlog\link-rc.read.1.tlog
d:\clearn\geekband\stlhj\stlhj\debug\stlhj.tlog\link-rc.write.1.tlog
d:\clearn\geekband\stlhj\stlhj\debug\stlhj.tlog\link.26236-cvtres.read.1.tlog
d:\clearn\geekband\stlhj\stlhj\debug\stlhj.tlog\link.26236-cvtres.write.1.tlog
d:\clearn\geekband\stlhj\stlhj\debug\stlhj.tlog\link.26236-rc.read.1.tlog
d:\clearn\geekband\stlhj\stlhj\debug\stlhj.tlog\link.26236-rc.write.1.tlog
d:\clearn\geekband\stlhj\stlhj\debug\stlhj.tlog\link.26236.read.1.tlog
d:\clearn\geekband\stlhj\stlhj\debug\stlhj.tlog\link.26236.write.1.tlog
d:\clearn\geekband\stlhj\stlhj\debug\stlhj.tlog\link.command.1.tlog
d:\clearn\geekband\stlhj\stlhj\debug\stlhj.tlog\link.read.1.tlog
d:\clearn\geekband\stlhj\stlhj\debug\stlhj.tlog\link.write.1.tlog
